<?xml version="1.0" encoding="UTF-8"?>
<!-- Generated by org.testng.reporters.JUnitReportReporter -->
<testsuite hostname="LAPTOP-2662QFMI" failures="0" tests="1" name="Automation.ExtentReportDemo" time="7.527" errors="0" timestamp="11 Feb. 2025 15:28:32 GMT" skipped="0">
  <testcase classname="Automation.ExtentReportDemo" name="initialDemo" time="7.527"/>
</testsuite> <!-- Automation.ExtentReportDemo -->
